(0000) 3200  0011001000000000 (   1)                 .ORIG x3200
(3200) 0000  0000000000000000 (   4) ARRAY           .FILL x0000
(3201) 0000  0000000000000000 (   4)                 .FILL x0000
(3202) 0000  0000000000000000 (   4)                 .FILL x0000
(3203) 0000  0000000000000000 (   4)                 .FILL x0000
(3204) 0000  0000000000000000 (   4)                 .FILL x0000
(3205) 0000  0000000000000000 (   4)                 .FILL x0000
(3206) 0000  0000000000000000 (   4)                 .FILL x0000
(3207) 0000  0000000000000000 (   4)                 .FILL x0000
(3208) 0000  0000000000000000 (   4)                 .FILL x0000
(3209) 0000  0000000000000000 (   4)                 .FILL x0000
(320A) 0000  0000000000000000 (   4)                 .FILL x0000
(320B) 0000  0000000000000000 (   4)                 .FILL x0000
(320C) 0000  0000000000000000 (   4)                 .FILL x0000
(320D) 0000  0000000000000000 (   4)                 .FILL x0000
(320E) 0000  0000000000000000 (   4)                 .FILL x0000
(320F) 0000  0000000000000000 (   4)                 .FILL x0000
(3210) 0000  0000000000000000 (   4)                 .FILL x0000
(3211) 0000  0000000000000000 (   4)                 .FILL x0000
(3212) 0000  0000000000000000 (   4)                 .FILL x0000
(3213) 0000  0000000000000000 (   4)                 .FILL x0000
(3214) 0000  0000000000000000 (   4)                 .FILL x0000
(3215) 0000  0000000000000000 (   4)                 .FILL x0000
(3216) 0000  0000000000000000 (   4)                 .FILL x0000
(3217) 0000  0000000000000000 (   4)                 .FILL x0000
(3218) 0000  0000000000000000 (   4)                 .FILL x0000
(3219) 0000  0000000000000000 (   4)                 .FILL x0000
(321A) 0000  0000000000000000 (   4)                 .FILL x0000
(321B) 0000  0000000000000000 (   4)                 .FILL x0000
(321C) 0000  0000000000000000 (   4)                 .FILL x0000
(321D) 0000  0000000000000000 (   4)                 .FILL x0000
(321E) 0000  0000000000000000 (   4)                 .FILL x0000
(321F) 0000  0000000000000000 (   4)                 .FILL x0000
(3220) 0000  0000000000000000 (   4)                 .FILL x0000
(3221) 0000  0000000000000000 (   4)                 .FILL x0000
(3222) 0000  0000000000000000 (   4)                 .FILL x0000
(3223) 0000  0000000000000000 (   4)                 .FILL x0000
(3224) 0000  0000000000000000 (   4)                 .FILL x0000
(3225) 0000  0000000000000000 (   4)                 .FILL x0000
(3226) 0000  0000000000000000 (   4)                 .FILL x0000
(3227) 0000  0000000000000000 (   4)                 .FILL x0000
(3228) 0000  0000000000000000 (   4)                 .FILL x0000
(3229) 0000  0000000000000000 (   4)                 .FILL x0000
(322A) 0000  0000000000000000 (   4)                 .FILL x0000
(322B) 0000  0000000000000000 (   4)                 .FILL x0000
(322C) 0000  0000000000000000 (   4)                 .FILL x0000
(322D) 0000  0000000000000000 (   4)                 .FILL x0000
(322E) 0000  0000000000000000 (   4)                 .FILL x0000
(322F) 0000  0000000000000000 (   4)                 .FILL x0000
(3230) 0000  0000000000000000 (   4)                 .FILL x0000
(3231) 0000  0000000000000000 (   4)                 .FILL x0000
(3232) 0000  0000000000000000 (   4)                 .FILL x0000
(3233) 0000  0000000000000000 (   4)                 .FILL x0000
(3234) 0000  0000000000000000 (   4)                 .FILL x0000
(3235) 0000  0000000000000000 (   4)                 .FILL x0000
(3236) 0000  0000000000000000 (   4)                 .FILL x0000
(3237) 0000  0000000000000000 (   4)                 .FILL x0000
(3238) 0000  0000000000000000 (   4)                 .FILL x0000
(3239) 0000  0000000000000000 (   4)                 .FILL x0000
(323A) 0000  0000000000000000 (   4)                 .FILL x0000
(323B) 0000  0000000000000000 (   4)                 .FILL x0000
(323C) 0000  0000000000000000 (   4)                 .FILL x0000
(323D) 0000  0000000000000000 (   4)                 .FILL x0000
(323E) 0000  0000000000000000 (   4)                 .FILL x0000
(323F) 0000  0000000000000000 (   4)                 .FILL x0000
(3240) 0000  0000000000000000 (   4)                 .FILL x0000
(3241) 0000  0000000000000000 (   4)                 .FILL x0000
(3242) 0000  0000000000000000 (   4)                 .FILL x0000
(3243) 0000  0000000000000000 (   4)                 .FILL x0000
(3244) 0000  0000000000000000 (   4)                 .FILL x0000
(3245) 0000  0000000000000000 (   4)                 .FILL x0000
(3246) 0000  0000000000000000 (   4)                 .FILL x0000
(3247) 0000  0000000000000000 (   4)                 .FILL x0000
(3248) 0000  0000000000000000 (   4)                 .FILL x0000
(3249) 0000  0000000000000000 (   4)                 .FILL x0000
(324A) 0000  0000000000000000 (   4)                 .FILL x0000
(324B) 0000  0000000000000000 (   4)                 .FILL x0000
(324C) 0000  0000000000000000 (   4)                 .FILL x0000
(324D) 0000  0000000000000000 (   4)                 .FILL x0000
(324E) 0000  0000000000000000 (   4)                 .FILL x0000
(324F) 0000  0000000000000000 (   4)                 .FILL x0000
(3250) 0000  0000000000000000 (   4)                 .FILL x0000
(3251) 0000  0000000000000000 (   4)                 .FILL x0000
(3252) 0000  0000000000000000 (   4)                 .FILL x0000
(3253) 0000  0000000000000000 (   4)                 .FILL x0000
(3254) 0000  0000000000000000 (   4)                 .FILL x0000
(3255) 0000  0000000000000000 (   4)                 .FILL x0000
(3256) 0000  0000000000000000 (   4)                 .FILL x0000
(3257) 0000  0000000000000000 (   4)                 .FILL x0000
(3258) 0000  0000000000000000 (   4)                 .FILL x0000
(3259) 0000  0000000000000000 (   4)                 .FILL x0000
(325A) 0000  0000000000000000 (   4)                 .FILL x0000
(325B) 0000  0000000000000000 (   4)                 .FILL x0000
(325C) 0000  0000000000000000 (   4)                 .FILL x0000
(325D) 0000  0000000000000000 (   4)                 .FILL x0000
(325E) 0000  0000000000000000 (   4)                 .FILL x0000
(325F) 0000  0000000000000000 (   4)                 .FILL x0000
(3260) 0000  0000000000000000 (   4)                 .FILL x0000
(3261) 0000  0000000000000000 (   4)                 .FILL x0000
(3262) 0000  0000000000000000 (   4)                 .FILL x0000
(3263) 0000  0000000000000000 (   4)                 .FILL x0000
(3264) 0000  0000000000000000 (   4)                 .FILL x0000
(3265) 0000  0000000000000000 (   4)                 .FILL x0000
(3266) 0000  0000000000000000 (   4)                 .FILL x0000
(3267) 0000  0000000000000000 (   4)                 .FILL x0000
(3268) 0000  0000000000000000 (   4)                 .FILL x0000
(3269) 0000  0000000000000000 (   4)                 .FILL x0000
(326A) 0000  0000000000000000 (   4)                 .FILL x0000
(326B) 0000  0000000000000000 (   4)                 .FILL x0000
(326C) 0000  0000000000000000 (   4)                 .FILL x0000
(326D) 0000  0000000000000000 (   4)                 .FILL x0000
(326E) 0000  0000000000000000 (   4)                 .FILL x0000
(326F) 0000  0000000000000000 (   4)                 .FILL x0000
(3270) 0000  0000000000000000 (   4)                 .FILL x0000
(3271) 0000  0000000000000000 (   4)                 .FILL x0000
(3272) 0000  0000000000000000 (   4)                 .FILL x0000
(3273) 0000  0000000000000000 (   4)                 .FILL x0000
(3274) 0000  0000000000000000 (   4)                 .FILL x0000
(3275) 0000  0000000000000000 (   4)                 .FILL x0000
(3276) 0000  0000000000000000 (   4)                 .FILL x0000
(3277) 0000  0000000000000000 (   4)                 .FILL x0000
(3278) 0000  0000000000000000 (   4)                 .FILL x0000
(3279) 0000  0000000000000000 (   4)                 .FILL x0000
(327A) 0000  0000000000000000 (   4)                 .FILL x0000
(327B) 0000  0000000000000000 (   4)                 .FILL x0000
(327C) 0000  0000000000000000 (   4)                 .FILL x0000
(327D) 0000  0000000000000000 (   4)                 .FILL x0000
(327E) 0000  0000000000000000 (   4)                 .FILL x0000
(327F) 0000  0000000000000000 (   4)                 .FILL x0000
(3280) 0000  0000000000000000 (   4)                 .FILL x0000
(3281) 0000  0000000000000000 (   4)                 .FILL x0000
(3282) 0000  0000000000000000 (   4)                 .FILL x0000
(3283) 0000  0000000000000000 (   4)                 .FILL x0000
(3284) 0000  0000000000000000 (   4)                 .FILL x0000
(3285) 0000  0000000000000000 (   4)                 .FILL x0000
(3286) 0000  0000000000000000 (   4)                 .FILL x0000
(3287) 0000  0000000000000000 (   4)                 .FILL x0000
(3288) 0000  0000000000000000 (   4)                 .FILL x0000
(3289) 0000  0000000000000000 (   4)                 .FILL x0000
(328A) 0000  0000000000000000 (   4)                 .FILL x0000
(328B) 0000  0000000000000000 (   4)                 .FILL x0000
(328C) 0000  0000000000000000 (   4)                 .FILL x0000
(328D) 0000  0000000000000000 (   4)                 .FILL x0000
(328E) 0000  0000000000000000 (   4)                 .FILL x0000
(328F) 0000  0000000000000000 (   4)                 .FILL x0000
(3290) 0000  0000000000000000 (   4)                 .FILL x0000
(3291) 0000  0000000000000000 (   4)                 .FILL x0000
(3292) 0000  0000000000000000 (   4)                 .FILL x0000
(3293) 0000  0000000000000000 (   4)                 .FILL x0000
(3294) 0000  0000000000000000 (   4)                 .FILL x0000
(3295) 0000  0000000000000000 (   4)                 .FILL x0000
(3296) 0000  0000000000000000 (   4)                 .FILL x0000
(3297) 0000  0000000000000000 (   4)                 .FILL x0000
(3298) 0000  0000000000000000 (   4)                 .FILL x0000
(3299) 0000  0000000000000000 (   4)                 .FILL x0000
(329A) 0000  0000000000000000 (   4)                 .FILL x0000
(329B) 0000  0000000000000000 (   4)                 .FILL x0000
(329C) 0000  0000000000000000 (   4)                 .FILL x0000
(329D) 0000  0000000000000000 (   4)                 .FILL x0000
(329E) 0000  0000000000000000 (   4)                 .FILL x0000
(329F) 0000  0000000000000000 (   4)                 .FILL x0000
(32A0) 0000  0000000000000000 (   4)                 .FILL x0000
(32A1) 0000  0000000000000000 (   4)                 .FILL x0000
(32A2) 0000  0000000000000000 (   4)                 .FILL x0000
(32A3) 0000  0000000000000000 (   4)                 .FILL x0000
(32A4) 0000  0000000000000000 (   4)                 .FILL x0000
(32A5) 0000  0000000000000000 (   4)                 .FILL x0000
(32A6) 0000  0000000000000000 (   4)                 .FILL x0000
(32A7) 0000  0000000000000000 (   4)                 .FILL x0000
(32A8) 0000  0000000000000000 (   4)                 .FILL x0000
(32A9) 0000  0000000000000000 (   4)                 .FILL x0000
(32AA) 0000  0000000000000000 (   4)                 .FILL x0000
(32AB) 0000  0000000000000000 (   4)                 .FILL x0000
(32AC) 0000  0000000000000000 (   4)                 .FILL x0000
(32AD) 0000  0000000000000000 (   4)                 .FILL x0000
(32AE) 0000  0000000000000000 (   4)                 .FILL x0000
(32AF) 0000  0000000000000000 (   4)                 .FILL x0000
(32B0) 0000  0000000000000000 (   4)                 .FILL x0000
(32B1) 0000  0000000000000000 (   4)                 .FILL x0000
(32B2) 0000  0000000000000000 (   4)                 .FILL x0000
(32B3) 0000  0000000000000000 (   4)                 .FILL x0000
(32B4) 0000  0000000000000000 (   4)                 .FILL x0000
(32B5) 0000  0000000000000000 (   4)                 .FILL x0000
(32B6) 0000  0000000000000000 (   4)                 .FILL x0000
(32B7) 0000  0000000000000000 (   4)                 .FILL x0000
(32B8) 0000  0000000000000000 (   4)                 .FILL x0000
(32B9) 0000  0000000000000000 (   4)                 .FILL x0000
(32BA) 0000  0000000000000000 (   4)                 .FILL x0000
(32BB) 0000  0000000000000000 (   4)                 .FILL x0000
(32BC) 0000  0000000000000000 (   4)                 .FILL x0000
(32BD) 0000  0000000000000000 (   4)                 .FILL x0000
(32BE) 0000  0000000000000000 (   4)                 .FILL x0000
(32BF) 0000  0000000000000000 (   4)                 .FILL x0000
(32C0) 0000  0000000000000000 (   4)                 .FILL x0000
(32C1) 0000  0000000000000000 (   4)                 .FILL x0000
(32C2) 0000  0000000000000000 (   4)                 .FILL x0000
(32C3) 0000  0000000000000000 (   4)                 .FILL x0000
(32C4) 0000  0000000000000000 (   4)                 .FILL x0000
(32C5) 0000  0000000000000000 (   4)                 .FILL x0000
(32C6) 0000  0000000000000000 (   4)                 .FILL x0000
(32C7) 0000  0000000000000000 (   4)                 .FILL x0000
(32C8) 2B37  0010101100110111 (   4)                 LD    R5 ARRAY
(32C9) 0000  0000000000000000 (   6) ARRAY1          .FILL x0000
(32CA) 0000  0000000000000000 (   6)                 .FILL x0000
(32CB) 0000  0000000000000000 (   6)                 .FILL x0000
(32CC) 0000  0000000000000000 (   6)                 .FILL x0000
(32CD) 0000  0000000000000000 (   6)                 .FILL x0000
(32CE) 0000  0000000000000000 (   6)                 .FILL x0000
(32CF) 0000  0000000000000000 (   6)                 .FILL x0000
(32D0) 0000  0000000000000000 (   6)                 .FILL x0000
(32D1) 0000  0000000000000000 (   6)                 .FILL x0000
(32D2) 0000  0000000000000000 (   6)                 .FILL x0000
(32D3) 0000  0000000000000000 (   6)                 .FILL x0000
(32D4) 0000  0000000000000000 (   6)                 .FILL x0000
(32D5) 0000  0000000000000000 (   6)                 .FILL x0000
(32D6) 0000  0000000000000000 (   6)                 .FILL x0000
(32D7) 0000  0000000000000000 (   6)                 .FILL x0000
(32D8) 0000  0000000000000000 (   6)                 .FILL x0000
(32D9) 0000  0000000000000000 (   6)                 .FILL x0000
(32DA) 0000  0000000000000000 (   6)                 .FILL x0000
(32DB) 0000  0000000000000000 (   6)                 .FILL x0000
(32DC) 0000  0000000000000000 (   6)                 .FILL x0000
(32DD) 0000  0000000000000000 (   6)                 .FILL x0000
(32DE) 0000  0000000000000000 (   6)                 .FILL x0000
(32DF) 0000  0000000000000000 (   6)                 .FILL x0000
(32E0) 0000  0000000000000000 (   6)                 .FILL x0000
(32E1) 0000  0000000000000000 (   6)                 .FILL x0000
(32E2) 0000  0000000000000000 (   6)                 .FILL x0000
(32E3) 0000  0000000000000000 (   6)                 .FILL x0000
(32E4) 0000  0000000000000000 (   6)                 .FILL x0000
(32E5) 0000  0000000000000000 (   6)                 .FILL x0000
(32E6) 0000  0000000000000000 (   6)                 .FILL x0000
(32E7) 0000  0000000000000000 (   6)                 .FILL x0000
(32E8) 0000  0000000000000000 (   6)                 .FILL x0000
(32E9) 0000  0000000000000000 (   6)                 .FILL x0000
(32EA) 0000  0000000000000000 (   6)                 .FILL x0000
(32EB) 0000  0000000000000000 (   6)                 .FILL x0000
(32EC) 0000  0000000000000000 (   6)                 .FILL x0000
(32ED) 0000  0000000000000000 (   6)                 .FILL x0000
(32EE) 0000  0000000000000000 (   6)                 .FILL x0000
(32EF) 0000  0000000000000000 (   6)                 .FILL x0000
(32F0) 0000  0000000000000000 (   6)                 .FILL x0000
(32F1) 0000  0000000000000000 (   6)                 .FILL x0000
(32F2) 0000  0000000000000000 (   6)                 .FILL x0000
(32F3) 0000  0000000000000000 (   6)                 .FILL x0000
(32F4) 0000  0000000000000000 (   6)                 .FILL x0000
(32F5) 0000  0000000000000000 (   6)                 .FILL x0000
(32F6) 0000  0000000000000000 (   6)                 .FILL x0000
(32F7) 0000  0000000000000000 (   6)                 .FILL x0000
(32F8) 0000  0000000000000000 (   6)                 .FILL x0000
(32F9) 0000  0000000000000000 (   6)                 .FILL x0000
(32FA) 0000  0000000000000000 (   6)                 .FILL x0000
(32FB) 0000  0000000000000000 (   6)                 .FILL x0000
(32FC) 0000  0000000000000000 (   6)                 .FILL x0000
(32FD) 0000  0000000000000000 (   6)                 .FILL x0000
(32FE) 0000  0000000000000000 (   6)                 .FILL x0000
(32FF) 0000  0000000000000000 (   6)                 .FILL x0000
(3300) 0000  0000000000000000 (   6)                 .FILL x0000
(3301) 0000  0000000000000000 (   6)                 .FILL x0000
(3302) 0000  0000000000000000 (   6)                 .FILL x0000
(3303) 0000  0000000000000000 (   6)                 .FILL x0000
(3304) 0000  0000000000000000 (   6)                 .FILL x0000
(3305) 0000  0000000000000000 (   6)                 .FILL x0000
(3306) 0000  0000000000000000 (   6)                 .FILL x0000
(3307) 0000  0000000000000000 (   6)                 .FILL x0000
(3308) 0000  0000000000000000 (   6)                 .FILL x0000
(3309) 0000  0000000000000000 (   6)                 .FILL x0000
(330A) 0000  0000000000000000 (   6)                 .FILL x0000
(330B) 0000  0000000000000000 (   6)                 .FILL x0000
(330C) 0000  0000000000000000 (   6)                 .FILL x0000
(330D) 0000  0000000000000000 (   6)                 .FILL x0000
(330E) 0000  0000000000000000 (   6)                 .FILL x0000
(330F) 0000  0000000000000000 (   6)                 .FILL x0000
(3310) 0000  0000000000000000 (   6)                 .FILL x0000
(3311) 0000  0000000000000000 (   6)                 .FILL x0000
(3312) 0000  0000000000000000 (   6)                 .FILL x0000
(3313) 0000  0000000000000000 (   6)                 .FILL x0000
(3314) 0000  0000000000000000 (   6)                 .FILL x0000
(3315) 0000  0000000000000000 (   6)                 .FILL x0000
(3316) 0000  0000000000000000 (   6)                 .FILL x0000
(3317) 0000  0000000000000000 (   6)                 .FILL x0000
(3318) 0000  0000000000000000 (   6)                 .FILL x0000
(3319) 0000  0000000000000000 (   6)                 .FILL x0000
(331A) 0000  0000000000000000 (   6)                 .FILL x0000
(331B) 0000  0000000000000000 (   6)                 .FILL x0000
(331C) 0000  0000000000000000 (   6)                 .FILL x0000
(331D) 0000  0000000000000000 (   6)                 .FILL x0000
(331E) 0000  0000000000000000 (   6)                 .FILL x0000
(331F) 0000  0000000000000000 (   6)                 .FILL x0000
(3320) 0000  0000000000000000 (   6)                 .FILL x0000
(3321) 0000  0000000000000000 (   6)                 .FILL x0000
(3322) 0000  0000000000000000 (   6)                 .FILL x0000
(3323) 0000  0000000000000000 (   6)                 .FILL x0000
(3324) 0000  0000000000000000 (   6)                 .FILL x0000
(3325) 0000  0000000000000000 (   6)                 .FILL x0000
(3326) 0000  0000000000000000 (   6)                 .FILL x0000
(3327) 0000  0000000000000000 (   6)                 .FILL x0000
(3328) 0000  0000000000000000 (   6)                 .FILL x0000
(3329) 0000  0000000000000000 (   6)                 .FILL x0000
(332A) 0000  0000000000000000 (   6)                 .FILL x0000
(332B) 0000  0000000000000000 (   6)                 .FILL x0000
(332C) 0000  0000000000000000 (   6)                 .FILL x0000
(332D) 0000  0000000000000000 (   6)                 .FILL x0000
(332E) 0000  0000000000000000 (   6)                 .FILL x0000
(332F) 0000  0000000000000000 (   6)                 .FILL x0000
(3330) 0000  0000000000000000 (   6)                 .FILL x0000
(3331) 0000  0000000000000000 (   6)                 .FILL x0000
(3332) 0000  0000000000000000 (   6)                 .FILL x0000
(3333) 0000  0000000000000000 (   6)                 .FILL x0000
(3334) 0000  0000000000000000 (   6)                 .FILL x0000
(3335) 0000  0000000000000000 (   6)                 .FILL x0000
(3336) 0000  0000000000000000 (   6)                 .FILL x0000
(3337) 0000  0000000000000000 (   6)                 .FILL x0000
(3338) 0000  0000000000000000 (   6)                 .FILL x0000
(3339) 0000  0000000000000000 (   6)                 .FILL x0000
(333A) 0000  0000000000000000 (   6)                 .FILL x0000
(333B) 0000  0000000000000000 (   6)                 .FILL x0000
(333C) 0000  0000000000000000 (   6)                 .FILL x0000
(333D) 0000  0000000000000000 (   6)                 .FILL x0000
(333E) 0000  0000000000000000 (   6)                 .FILL x0000
(333F) 0000  0000000000000000 (   6)                 .FILL x0000
(3340) 0000  0000000000000000 (   6)                 .FILL x0000
(3341) 0000  0000000000000000 (   6)                 .FILL x0000
(3342) 0000  0000000000000000 (   6)                 .FILL x0000
(3343) 0000  0000000000000000 (   6)                 .FILL x0000
(3344) 0000  0000000000000000 (   6)                 .FILL x0000
(3345) 0000  0000000000000000 (   6)                 .FILL x0000
(3346) 0000  0000000000000000 (   6)                 .FILL x0000
(3347) 0000  0000000000000000 (   6)                 .FILL x0000
(3348) 0000  0000000000000000 (   6)                 .FILL x0000
(3349) 0000  0000000000000000 (   6)                 .FILL x0000
(334A) 0000  0000000000000000 (   6)                 .FILL x0000
(334B) 0000  0000000000000000 (   6)                 .FILL x0000
(334C) 0000  0000000000000000 (   6)                 .FILL x0000
(334D) 0000  0000000000000000 (   6)                 .FILL x0000
(334E) 0000  0000000000000000 (   6)                 .FILL x0000
(334F) 0000  0000000000000000 (   6)                 .FILL x0000
(3350) 0000  0000000000000000 (   6)                 .FILL x0000
(3351) 0000  0000000000000000 (   6)                 .FILL x0000
(3352) 0000  0000000000000000 (   6)                 .FILL x0000
(3353) 0000  0000000000000000 (   6)                 .FILL x0000
(3354) 0000  0000000000000000 (   6)                 .FILL x0000
(3355) 0000  0000000000000000 (   6)                 .FILL x0000
(3356) 0000  0000000000000000 (   6)                 .FILL x0000
(3357) 0000  0000000000000000 (   6)                 .FILL x0000
(3358) 0000  0000000000000000 (   6)                 .FILL x0000
(3359) 0000  0000000000000000 (   6)                 .FILL x0000
(335A) 0000  0000000000000000 (   6)                 .FILL x0000
(335B) 0000  0000000000000000 (   6)                 .FILL x0000
(335C) 0000  0000000000000000 (   6)                 .FILL x0000
(335D) 0000  0000000000000000 (   6)                 .FILL x0000
(335E) 0000  0000000000000000 (   6)                 .FILL x0000
(335F) 0000  0000000000000000 (   6)                 .FILL x0000
(3360) 0000  0000000000000000 (   6)                 .FILL x0000
(3361) 0000  0000000000000000 (   6)                 .FILL x0000
(3362) 0000  0000000000000000 (   6)                 .FILL x0000
(3363) 0000  0000000000000000 (   6)                 .FILL x0000
(3364) 0000  0000000000000000 (   6)                 .FILL x0000
(3365) 0000  0000000000000000 (   6)                 .FILL x0000
(3366) 0000  0000000000000000 (   6)                 .FILL x0000
(3367) 0000  0000000000000000 (   6)                 .FILL x0000
(3368) 0000  0000000000000000 (   6)                 .FILL x0000
(3369) 0000  0000000000000000 (   6)                 .FILL x0000
(336A) 0000  0000000000000000 (   6)                 .FILL x0000
(336B) 0000  0000000000000000 (   6)                 .FILL x0000
(336C) 0000  0000000000000000 (   6)                 .FILL x0000
(336D) 0000  0000000000000000 (   6)                 .FILL x0000
(336E) 0000  0000000000000000 (   6)                 .FILL x0000
(336F) 0000  0000000000000000 (   6)                 .FILL x0000
(3370) 0000  0000000000000000 (   6)                 .FILL x0000
(3371) 0000  0000000000000000 (   6)                 .FILL x0000
(3372) 0000  0000000000000000 (   6)                 .FILL x0000
(3373) 0000  0000000000000000 (   6)                 .FILL x0000
(3374) 0000  0000000000000000 (   6)                 .FILL x0000
(3375) 0000  0000000000000000 (   6)                 .FILL x0000
(3376) 0000  0000000000000000 (   6)                 .FILL x0000
(3377) 0000  0000000000000000 (   6)                 .FILL x0000
(3378) 0000  0000000000000000 (   6)                 .FILL x0000
(3379) 0000  0000000000000000 (   6)                 .FILL x0000
(337A) 0000  0000000000000000 (   6)                 .FILL x0000
(337B) 0000  0000000000000000 (   6)                 .FILL x0000
(337C) 0000  0000000000000000 (   6)                 .FILL x0000
(337D) 0000  0000000000000000 (   6)                 .FILL x0000
(337E) 0000  0000000000000000 (   6)                 .FILL x0000
(337F) 0000  0000000000000000 (   6)                 .FILL x0000
(3380) 0000  0000000000000000 (   6)                 .FILL x0000
(3381) 0000  0000000000000000 (   6)                 .FILL x0000
(3382) 0000  0000000000000000 (   6)                 .FILL x0000
(3383) 0000  0000000000000000 (   6)                 .FILL x0000
(3384) 0000  0000000000000000 (   6)                 .FILL x0000
(3385) 0000  0000000000000000 (   6)                 .FILL x0000
(3386) 0000  0000000000000000 (   6)                 .FILL x0000
(3387) 0000  0000000000000000 (   6)                 .FILL x0000
(3388) 0000  0000000000000000 (   6)                 .FILL x0000
(3389) 0000  0000000000000000 (   6)                 .FILL x0000
(338A) 0000  0000000000000000 (   6)                 .FILL x0000
(338B) 0000  0000000000000000 (   6)                 .FILL x0000
(338C) 0000  0000000000000000 (   6)                 .FILL x0000
(338D) 0000  0000000000000000 (   6)                 .FILL x0000
(338E) 0000  0000000000000000 (   6)                 .FILL x0000
(338F) 0000  0000000000000000 (   6)                 .FILL x0000
(3390) 0000  0000000000000000 (   6)                 .FILL x0000
(3391) 2D37  0010110100110111 (   6)                 LD    R6 ARRAY1
(3392) E069  1110000001101001 (   8)                 LEA   R0 GREETING
(3393) F022  1111000000100010 (   9)                 TRAP  x22
(3394) E093  1110000010010011 (  13) WELCOME         LEA   R0 START
(3395) F022  1111000000100010 (  14)                 TRAP  x22
(3396) 5260  0101001001100000 (  15)                 AND   R1 R1 #0
(3397) 54A0  0101010010100000 (  16)                 AND   R2 R2 #0
(3398) F020  1111000000100000 (  19) READINPUT       TRAP  x20
(3399) F021  1111000000100001 (  20)                 TRAP  x21
(339A) 2805  0010100000000101 (  21)                 LD    R4 EXIT
(339B) 1604  0001011000000100 (  22)                 ADD   R3 R0 R4
(339C) 0A08  0000101000001000 (  23)                 BRNP  CENTERPROCESS
(339D) E0BC  1110000010111100 (  24)                 LEA   R0 BYE
(339E) F022  1111000000100010 (  25)                 TRAP  x22
(339F) F025  1111000000100101 (  26)                 TRAP  x25
(33A0) FF88  1111111110001000 (  27) EXIT            .FILL xFF88
(33A1) FF9C  1111111110011100 (  28) DECR            .FILL xFF9C
(33A2) FF9B  1111111110011011 (  29) ENCR            .FILL xFF9B
(33A3) FFD0  1111111111010000 (  30) ZERO            .FILL xFFD0
(33A4) FFD3  1111111111010011 (  31) NEGATIVE        .FILL xFFD3
(33A5) 29FB  0010100111111011 (  35) CENTERPROCESS   LD    R4 DECR
(33A6) 1604  0001011000000100 (  36)                 ADD   R3 R0 R4
(33A7) 0A18  0000101000011000 (  37)                 BRNP  CENTERPROCESS2
(33A8) 0E00  0000111000000000 (  38)                 BRNZP CIPHE1
(33A9) E0BA  1110000010111010 (  41) CIPHE1          LEA   R0 CIPHER
(33AA) F022  1111000000100010 (  42)                 TRAP  x22
(33AB) F020  1111000000100000 (  45) KEY1            TRAP  x20
(33AC) F021  1111000000100001 (  46)                 TRAP  x21
(33AD) 1636  0001011000110110 (  47)                 ADD   R3 R0 #-10
(33AE) 040A  0000010000001010 (  48)                 BRZ   TWOSCOMPLEMENT1
(33AF) 29F4  0010100111110100 (  49)                 LD    R4 NEGATIVE
(33B0) 1604  0001011000000100 (  50)                 ADD   R3 R0 R4
(33B1) 0405  0000010000000101 (  51)                 BRZ   FLAGGOBACKINPUT1
(33B2) 29F0  0010100111110000 (  52)                 LD    R4 ZERO
(33B3) 1004  0001000000000100 (  53)                 ADD   R0 R0 R4
(33B4) 4824  0100100000100100 (  54)                 JSR   MULTISETUP1
(33B5) 1240  0001001001000000 (  55)                 ADD   R1 R1 R0
(33B6) 0FF4  0000111111110100 (  56)                 BRNZP KEY1
(33B7) 14A1  0001010010100001 (  59) FLAGGOBACKINPUT1 ADD   R2 R2 #1
(33B8) 0FDF  0000111111011111 (  60)                 BRNZP READINPUT
(33B9) 14BF  0001010010111111 (  63) TWOSCOMPLEMENT1 ADD   R2 R2 #-1
(33BA) 0802  0000100000000010 (  64)                 BRN   PREPARE1
(33BB) 927F  1001001001111111 (  65)                 NOT   R1 R1
(33BC) 1261  0001001001100001 (  66)                 ADD   R1 R1 #1
(33BD) E0D5  1110000011010101 (  69) PREPARE1        LEA   R0 STRING
(33BE) F022  1111000000100010 (  70)                 TRAP  x22
(33BF) 0E29  0000111000101001 (  71)                 BRNZP STRINGS1
(33C0) 29E1  0010100111100001 (  75) CENTERPROCESS2  LD    R4 ENCR
(33C1) 1604  0001011000000100 (  76)                 ADD   R3 R0 R4
(33C2) E0A1  1110000010100001 (  79) CIPHE           LEA   R0 CIPHER
(33C3) F022  1111000000100010 (  80)                 TRAP  x22
(33C4) F020  1111000000100000 (  83) KEY             TRAP  x20
(33C5) F021  1111000000100001 (  84)                 TRAP  x21
(33C6) 1636  0001011000110110 (  85)                 ADD   R3 R0 #-10
(33C7) 040A  0000010000001010 (  86)                 BRZ   TWOSCOMPLEMENT
(33C8) 29DB  0010100111011011 (  87)                 LD    R4 NEGATIVE
(33C9) 1604  0001011000000100 (  88)                 ADD   R3 R0 R4
(33CA) 0405  0000010000000101 (  89)                 BRZ   FLAGGOBACKINPUT
(33CB) 29D7  0010100111010111 (  90)                 LD    R4 ZERO
(33CC) 1004  0001000000000100 (  91)                 ADD   R0 R0 R4
(33CD) 4813  0100100000010011 (  92)                 JSR   MULTISETUP
(33CE) 1240  0001001001000000 (  93)                 ADD   R1 R1 R0
(33CF) 0FF4  0000111111110100 (  94)                 BRNZP KEY
(33D0) 14A1  0001010010100001 (  97) FLAGGOBACKINPUT ADD   R2 R2 #1
(33D1) 0FC6  0000111111000110 (  98)                 BRNZP READINPUT
(33D2) 14BF  0001010010111111 ( 101) TWOSCOMPLEMENT  ADD   R2 R2 #-1
(33D3) 0802  0000100000000010 ( 102)                 BRN   PREPARE
(33D4) 927F  1001001001111111 ( 103)                 NOT   R1 R1
(33D5) 1261  0001001001100001 ( 104)                 ADD   R1 R1 #1
(33D6) E0BC  1110000010111100 ( 107) PREPARE         LEA   R0 STRING
(33D7) F022  1111000000100010 ( 108)                 TRAP  x22
(33D8) 0E19  0000111000011001 ( 109)                 BRNZP STRINGS
(33D9) 1660  0001011001100000 ( 114) MULTISETUP1     ADD   R3 R1 #0
(33DA) 5920  0101100100100000 ( 115)                 AND   R4 R4 #0
(33DB) 1929  0001100100101001 ( 116)                 ADD   R4 R4 #9
(33DC) 0403  0000010000000011 ( 119) MULTIPLICATION1 BRZ   RETURN1
(33DD) 1243  0001001001000011 ( 120)                 ADD   R1 R1 R3
(33DE) 193F  0001100100111111 ( 121)                 ADD   R4 R4 #-1
(33DF) 0FFC  0000111111111100 ( 122)                 BRNZP MULTIPLICATION1
(33E0) C1C0  1100000111000000 ( 128) RETURN1         RET   
(33E1) 1660  0001011001100000 ( 138) MULTISETUP      ADD   R3 R1 #0
(33E2) 5920  0101100100100000 ( 139)                 AND   R4 R4 #0
(33E3) 1929  0001100100101001 ( 140)                 ADD   R4 R4 #9
(33E4) 0403  0000010000000011 ( 143) MULTIPLICATION  BRZ   RETURN
(33E5) 1243  0001001001000011 ( 144)                 ADD   R1 R1 R3
(33E6) 193F  0001100100111111 ( 145)                 ADD   R4 R4 #-1
(33E7) 0FFC  0000111111111100 ( 146)                 BRNZP MULTIPLICATION
(33E8) C1C0  1100000111000000 ( 152) RETURN          RET   
(33E9) F020  1111000000100000 ( 156) STRINGS1        TRAP  x20
(33EA) F021  1111000000100001 ( 157)                 TRAP  x21
(33EB) 1636  0001011000110110 ( 159)                 ADD   R3 R0 #-10
(33EC) 0403  0000010000000011 ( 160)                 BRZ   DECHECK
(33ED) 7100  0111000100000000 ( 162)                 STR   R0 R4 #0
(33EE) 1921  0001100100100001 ( 163)                 ADD   R4 R4 #1
(33EF) 0FF9  0000111111111001 ( 164)                 BRNZP STRINGS1
(33F0) E0CE  1110000011001110 ( 168) DECHECK         LEA   R0 RESULT1
(33F1) F022  1111000000100010 ( 169)                 TRAP  x22
(33F2) F020  1111000000100000 ( 172) STRINGS         TRAP  x20
(33F3) F021  1111000000100001 ( 173)                 TRAP  x21
(33F4) 1636  0001011000110110 ( 175)                 ADD   R3 R0 #-10
(33F5) 0403  0000010000000011 ( 176)                 BRZ   ECHECK
(33F6) 7100  0111000100000000 ( 178)                 STR   R0 R4 #0
(33F7) 1921  0001100100100001 ( 179)                 ADD   R4 R4 #1
(33F8) 0FF9  0000111111111001 ( 180)                 BRNZP STRINGS
(33F9) E0D7  1110000011010111 ( 183) ECHECK          LEA   R0 RESULT2
(33FA) F022  1111000000100010 ( 184)                 TRAP  x22
(33FB) F025  1111000000100101 ( 188)                 TRAP  x25
(33FC) 0048  0000000001001000 ( 190) GREETING        .FILL x0048
(33FD) 0065  0000000001100101 ( 190)                 .FILL x0065
(33FE) 006C  0000000001101100 ( 190)                 .FILL x006C
(33FF) 006C  0000000001101100 ( 190)                 .FILL x006C
(3400) 006F  0000000001101111 ( 190)                 .FILL x006F
(3401) 002C  0000000000101100 ( 190)                 .FILL x002C
(3402) 0020  0000000000100000 ( 190)                 .FILL x0020
(3403) 0077  0000000001110111 ( 190)                 .FILL x0077
(3404) 0065  0000000001100101 ( 190)                 .FILL x0065
(3405) 006C  0000000001101100 ( 190)                 .FILL x006C
(3406) 0063  0000000001100011 ( 190)                 .FILL x0063
(3407) 006F  0000000001101111 ( 190)                 .FILL x006F
(3408) 006D  0000000001101101 ( 190)                 .FILL x006D
(3409) 0065  0000000001100101 ( 190)                 .FILL x0065
(340A) 0020  0000000000100000 ( 190)                 .FILL x0020
(340B) 0074  0000000001110100 ( 190)                 .FILL x0074
(340C) 006F  0000000001101111 ( 190)                 .FILL x006F
(340D) 0020  0000000000100000 ( 190)                 .FILL x0020
(340E) 006D  0000000001101101 ( 190)                 .FILL x006D
(340F) 0079  0000000001111001 ( 190)                 .FILL x0079
(3410) 0020  0000000000100000 ( 190)                 .FILL x0020
(3411) 0043  0000000001000011 ( 190)                 .FILL x0043
(3412) 0061  0000000001100001 ( 190)                 .FILL x0061
(3413) 0065  0000000001100101 ( 190)                 .FILL x0065
(3414) 0073  0000000001110011 ( 190)                 .FILL x0073
(3415) 0061  0000000001100001 ( 190)                 .FILL x0061
(3416) 0072  0000000001110010 ( 190)                 .FILL x0072
(3417) 0020  0000000000100000 ( 190)                 .FILL x0020
(3418) 0043  0000000001000011 ( 190)                 .FILL x0043
(3419) 0069  0000000001101001 ( 190)                 .FILL x0069
(341A) 0070  0000000001110000 ( 190)                 .FILL x0070
(341B) 0068  0000000001101000 ( 190)                 .FILL x0068
(341C) 0065  0000000001100101 ( 190)                 .FILL x0065
(341D) 0072  0000000001110010 ( 190)                 .FILL x0072
(341E) 0020  0000000000100000 ( 190)                 .FILL x0020
(341F) 0070  0000000001110000 ( 190)                 .FILL x0070
(3420) 0072  0000000001110010 ( 190)                 .FILL x0072
(3421) 006F  0000000001101111 ( 190)                 .FILL x006F
(3422) 0067  0000000001100111 ( 190)                 .FILL x0067
(3423) 0072  0000000001110010 ( 190)                 .FILL x0072
(3424) 0061  0000000001100001 ( 190)                 .FILL x0061
(3425) 006D  0000000001101101 ( 190)                 .FILL x006D
(3426) 000A  0000000000001010 ( 190)                 .FILL x000A
(3427) 0000  0000000000000000 ( 190)                 .FILL x0000
(3428) 0044  0000000001000100 ( 191) START           .FILL x0044
(3429) 006F  0000000001101111 ( 191)                 .FILL x006F
(342A) 0020  0000000000100000 ( 191)                 .FILL x0020
(342B) 0079  0000000001111001 ( 191)                 .FILL x0079
(342C) 006F  0000000001101111 ( 191)                 .FILL x006F
(342D) 0075  0000000001110101 ( 191)                 .FILL x0075
(342E) 0020  0000000000100000 ( 191)                 .FILL x0020
(342F) 0077  0000000001110111 ( 191)                 .FILL x0077
(3430) 0061  0000000001100001 ( 191)                 .FILL x0061
(3431) 006E  0000000001101110 ( 191)                 .FILL x006E
(3432) 0074  0000000001110100 ( 191)                 .FILL x0074
(3433) 0020  0000000000100000 ( 191)                 .FILL x0020
(3434) 0074  0000000001110100 ( 191)                 .FILL x0074
(3435) 006F  0000000001101111 ( 191)                 .FILL x006F
(3436) 0020  0000000000100000 ( 191)                 .FILL x0020
(3437) 0028  0000000000101000 ( 191)                 .FILL x0028
(3438) 0045  0000000001000101 ( 191)                 .FILL x0045
(3439) 0029  0000000000101001 ( 191)                 .FILL x0029
(343A) 006E  0000000001101110 ( 191)                 .FILL x006E
(343B) 0063  0000000001100011 ( 191)                 .FILL x0063
(343C) 0072  0000000001110010 ( 191)                 .FILL x0072
(343D) 0079  0000000001111001 ( 191)                 .FILL x0079
(343E) 0070  0000000001110000 ( 191)                 .FILL x0070
(343F) 0074  0000000001110100 ( 191)                 .FILL x0074
(3440) 0020  0000000000100000 ( 191)                 .FILL x0020
(3441) 006F  0000000001101111 ( 191)                 .FILL x006F
(3442) 0072  0000000001110010 ( 191)                 .FILL x0072
(3443) 0020  0000000000100000 ( 191)                 .FILL x0020
(3444) 0044  0000000001000100 ( 191)                 .FILL x0044
(3445) 0028  0000000000101000 ( 191)                 .FILL x0028
(3446) 0065  0000000001100101 ( 191)                 .FILL x0065
(3447) 0063  0000000001100011 ( 191)                 .FILL x0063
(3448) 0072  0000000001110010 ( 191)                 .FILL x0072
(3449) 0079  0000000001111001 ( 191)                 .FILL x0079
(344A) 0070  0000000001110000 ( 191)                 .FILL x0070
(344B) 0074  0000000001110100 ( 191)                 .FILL x0074
(344C) 0029  0000000000101001 ( 191)                 .FILL x0029
(344D) 0020  0000000000100000 ( 191)                 .FILL x0020
(344E) 006F  0000000001101111 ( 191)                 .FILL x006F
(344F) 0072  0000000001110010 ( 191)                 .FILL x0072
(3450) 0020  0000000000100000 ( 191)                 .FILL x0020
(3451) 0065  0000000001100101 ( 191)                 .FILL x0065
(3452) 0028  0000000000101000 ( 191)                 .FILL x0028
(3453) 0058  0000000001011000 ( 191)                 .FILL x0058
(3454) 0029  0000000000101001 ( 191)                 .FILL x0029
(3455) 0069  0000000001101001 ( 191)                 .FILL x0069
(3456) 0074  0000000001110100 ( 191)                 .FILL x0074
(3457) 003F  0000000000111111 ( 191)                 .FILL x003F
(3458) 000A  0000000000001010 ( 191)                 .FILL x000A
(3459) 0000  0000000000000000 ( 191)                 .FILL x0000
(345A) 0047  0000000001000111 ( 192) BYE             .FILL x0047
(345B) 006F  0000000001101111 ( 192)                 .FILL x006F
(345C) 006F  0000000001101111 ( 192)                 .FILL x006F
(345D) 0064  0000000001100100 ( 192)                 .FILL x0064
(345E) 0062  0000000001100010 ( 192)                 .FILL x0062
(345F) 0079  0000000001111001 ( 192)                 .FILL x0079
(3460) 0065  0000000001100101 ( 192)                 .FILL x0065
(3461) 0021  0000000000100001 ( 192)                 .FILL x0021
(3462) 0021  0000000000100001 ( 192)                 .FILL x0021
(3463) 0000  0000000000000000 ( 192)                 .FILL x0000
(3464) 000A  0000000000001010 ( 193) CIPHER          .FILL x000A
(3465) 0057  0000000001010111 ( 193)                 .FILL x0057
(3466) 0068  0000000001101000 ( 193)                 .FILL x0068
(3467) 0061  0000000001100001 ( 193)                 .FILL x0061
(3468) 0074  0000000001110100 ( 193)                 .FILL x0074
(3469) 0020  0000000000100000 ( 193)                 .FILL x0020
(346A) 0069  0000000001101001 ( 193)                 .FILL x0069
(346B) 0073  0000000001110011 ( 193)                 .FILL x0073
(346C) 0020  0000000000100000 ( 193)                 .FILL x0020
(346D) 0074  0000000001110100 ( 193)                 .FILL x0074
(346E) 0068  0000000001101000 ( 193)                 .FILL x0068
(346F) 0065  0000000001100101 ( 193)                 .FILL x0065
(3470) 0020  0000000000100000 ( 193)                 .FILL x0020
(3471) 0063  0000000001100011 ( 193)                 .FILL x0063
(3472) 0069  0000000001101001 ( 193)                 .FILL x0069
(3473) 0070  0000000001110000 ( 193)                 .FILL x0070
(3474) 0068  0000000001101000 ( 193)                 .FILL x0068
(3475) 0065  0000000001100101 ( 193)                 .FILL x0065
(3476) 0072  0000000001110010 ( 193)                 .FILL x0072
(3477) 0020  0000000000100000 ( 193)                 .FILL x0020
(3478) 0028  0000000000101000 ( 193)                 .FILL x0028
(3479) 0031  0000000000110001 ( 193)                 .FILL x0031
(347A) 002D  0000000000101101 ( 193)                 .FILL x002D
(347B) 0032  0000000000110010 ( 193)                 .FILL x0032
(347C) 0035  0000000000110101 ( 193)                 .FILL x0035
(347D) 0029  0000000000101001 ( 193)                 .FILL x0029
(347E) 003F  0000000000111111 ( 193)                 .FILL x003F
(347F) 000A  0000000000001010 ( 193)                 .FILL x000A
(3480) 0000  0000000000000000 ( 193)                 .FILL x0000
(3481) 0044  0000000001000100 ( 194) DEC             .FILL x0044
(3482) 0045  0000000001000101 ( 194)                 .FILL x0045
(3483) 0043  0000000001000011 ( 194)                 .FILL x0043
(3484) 0052  0000000001010010 ( 194)                 .FILL x0052
(3485) 0059  0000000001011001 ( 194)                 .FILL x0059
(3486) 0050  0000000001010000 ( 194)                 .FILL x0050
(3487) 0054  0000000001010100 ( 194)                 .FILL x0054
(3488) 000A  0000000000001010 ( 194)                 .FILL x000A
(3489) 0000  0000000000000000 ( 194)                 .FILL x0000
(348A) 0045  0000000001000101 ( 195) ENC             .FILL x0045
(348B) 004E  0000000001001110 ( 195)                 .FILL x004E
(348C) 0043  0000000001000011 ( 195)                 .FILL x0043
(348D) 0052  0000000001010010 ( 195)                 .FILL x0052
(348E) 0059  0000000001011001 ( 195)                 .FILL x0059
(348F) 0050  0000000001010000 ( 195)                 .FILL x0050
(3490) 0054  0000000001010100 ( 195)                 .FILL x0054
(3491) 000A  0000000000001010 ( 195)                 .FILL x000A
(3492) 0000  0000000000000000 ( 195)                 .FILL x0000
(3493) 0057  0000000001010111 ( 196) STRING          .FILL x0057
(3494) 0068  0000000001101000 ( 196)                 .FILL x0068
(3495) 0061  0000000001100001 ( 196)                 .FILL x0061
(3496) 0074  0000000001110100 ( 196)                 .FILL x0074
(3497) 0020  0000000000100000 ( 196)                 .FILL x0020
(3498) 0069  0000000001101001 ( 196)                 .FILL x0069
(3499) 0073  0000000001110011 ( 196)                 .FILL x0073
(349A) 0020  0000000000100000 ( 196)                 .FILL x0020
(349B) 0074  0000000001110100 ( 196)                 .FILL x0074
(349C) 0068  0000000001101000 ( 196)                 .FILL x0068
(349D) 0065  0000000001100101 ( 196)                 .FILL x0065
(349E) 0020  0000000000100000 ( 196)                 .FILL x0020
(349F) 0073  0000000001110011 ( 196)                 .FILL x0073
(34A0) 0074  0000000001110100 ( 196)                 .FILL x0074
(34A1) 0072  0000000001110010 ( 196)                 .FILL x0072
(34A2) 0069  0000000001101001 ( 196)                 .FILL x0069
(34A3) 006E  0000000001101110 ( 196)                 .FILL x006E
(34A4) 0067  0000000001100111 ( 196)                 .FILL x0067
(34A5) 0020  0000000000100000 ( 196)                 .FILL x0020
(34A6) 0028  0000000000101000 ( 196)                 .FILL x0028
(34A7) 0075  0000000001110101 ( 196)                 .FILL x0075
(34A8) 0070  0000000001110000 ( 196)                 .FILL x0070
(34A9) 0020  0000000000100000 ( 196)                 .FILL x0020
(34AA) 0074  0000000001110100 ( 196)                 .FILL x0074
(34AB) 006F  0000000001101111 ( 196)                 .FILL x006F
(34AC) 0020  0000000000100000 ( 196)                 .FILL x0020
(34AD) 0032  0000000000110010 ( 196)                 .FILL x0032
(34AE) 0030  0000000000110000 ( 196)                 .FILL x0030
(34AF) 0030  0000000000110000 ( 196)                 .FILL x0030
(34B0) 0020  0000000000100000 ( 196)                 .FILL x0020
(34B1) 0063  0000000001100011 ( 196)                 .FILL x0063
(34B2) 0068  0000000001101000 ( 196)                 .FILL x0068
(34B3) 0061  0000000001100001 ( 196)                 .FILL x0061
(34B4) 0072  0000000001110010 ( 196)                 .FILL x0072
(34B5) 0061  0000000001100001 ( 196)                 .FILL x0061
(34B6) 0063  0000000001100011 ( 196)                 .FILL x0063
(34B7) 0074  0000000001110100 ( 196)                 .FILL x0074
(34B8) 0065  0000000001100101 ( 196)                 .FILL x0065
(34B9) 0072  0000000001110010 ( 196)                 .FILL x0072
(34BA) 0073  0000000001110011 ( 196)                 .FILL x0073
(34BB) 0029  0000000000101001 ( 196)                 .FILL x0029
(34BC) 003F  0000000000111111 ( 196)                 .FILL x003F
(34BD) 000A  0000000000001010 ( 196)                 .FILL x000A
(34BE) 0000  0000000000000000 ( 196)                 .FILL x0000
(34BF) 0052  0000000001010010 ( 197) RESULT1         .FILL x0052
(34C0) 0065  0000000001100101 ( 197)                 .FILL x0065
(34C1) 0073  0000000001110011 ( 197)                 .FILL x0073
(34C2) 0075  0000000001110101 ( 197)                 .FILL x0075
(34C3) 006C  0000000001101100 ( 197)                 .FILL x006C
(34C4) 0074  0000000001110100 ( 197)                 .FILL x0074
(34C5) 0020  0000000000100000 ( 197)                 .FILL x0020
(34C6) 0044  0000000001000100 ( 197)                 .FILL x0044
(34C7) 0065  0000000001100101 ( 197)                 .FILL x0065
(34C8) 0063  0000000001100011 ( 197)                 .FILL x0063
(34C9) 0072  0000000001110010 ( 197)                 .FILL x0072
(34CA) 0079  0000000001111001 ( 197)                 .FILL x0079
(34CB) 0070  0000000001110000 ( 197)                 .FILL x0070
(34CC) 0074  0000000001110100 ( 197)                 .FILL x0074
(34CD) 003A  0000000000111010 ( 197)                 .FILL x003A
(34CE) 0020  0000000000100000 ( 197)                 .FILL x0020
(34CF) 000A  0000000000001010 ( 197)                 .FILL x000A
(34D0) 0000  0000000000000000 ( 197)                 .FILL x0000
(34D1) 0052  0000000001010010 ( 198) RESULT2         .FILL x0052
(34D2) 0065  0000000001100101 ( 198)                 .FILL x0065
(34D3) 0073  0000000001110011 ( 198)                 .FILL x0073
(34D4) 0075  0000000001110101 ( 198)                 .FILL x0075
(34D5) 006C  0000000001101100 ( 198)                 .FILL x006C
(34D6) 0074  0000000001110100 ( 198)                 .FILL x0074
(34D7) 0020  0000000000100000 ( 198)                 .FILL x0020
(34D8) 0045  0000000001000101 ( 198)                 .FILL x0045
(34D9) 006E  0000000001101110 ( 198)                 .FILL x006E
(34DA) 0063  0000000001100011 ( 198)                 .FILL x0063
(34DB) 0072  0000000001110010 ( 198)                 .FILL x0072
(34DC) 0079  0000000001111001 ( 198)                 .FILL x0079
(34DD) 0070  0000000001110000 ( 198)                 .FILL x0070
(34DE) 0074  0000000001110100 ( 198)                 .FILL x0074
(34DF) 003A  0000000000111010 ( 198)                 .FILL x003A
(34E0) 0020  0000000000100000 ( 198)                 .FILL x0020
(34E1) 000A  0000000000001010 ( 198)                 .FILL x000A
(34E2) 0000  0000000000000000 ( 198)                 .FILL x0000
